2019-07-25 01:12:26 INFO  [TestCaseOne] Login Success 
2019-07-25 01:12:28 INFO  [TestCaseOne] Clicked on Trending 
2019-07-25 01:12:31 INFO  [TestCaseOne] Screnshot Captured 
2019-07-30 02:32:46 INFO  [TestCaseOne] Login Success 
2019-07-30 02:35:28 INFO  [TestCaseOne] Login Success 
2019-07-30 02:35:31 INFO  [TestCaseOne] Clicked on Trending 
2019-07-30 02:35:35 INFO  [TestCaseOne] Screnshot Captured 
2019-07-30 02:38:28 INFO  [TestCaseOne] Login Success 
2019-07-30 02:38:30 INFO  [TestCaseOne] Clicked on Trending 
2019-07-30 02:38:34 INFO  [TestCaseOne] Screnshot Captured 
2019-08-01 00:22:37 INFO  [TestCaseOne] Login Success 
2019-08-01 00:22:40 INFO  [TestCaseOne] Clicked on Trending 
2019-08-01 00:22:44 INFO  [TestCaseOne] Screnshot Captured 
2019-08-01 00:22:44 INFO  [TestCaseOne] Assetion Passed with Hard Assertion 
2019-08-01 00:22:44 INFO  [TestCaseOne] Assetion Passed with soft Assertion 
2019-08-01 00:32:31 INFO  [TestCaseOne] Login Success 
2019-08-01 00:32:34 INFO  [TestCaseOne] Clicked on Trending 
2019-08-01 00:32:37 INFO  [TestCaseOne] Screnshot Captured 
2019-08-01 00:32:38 INFO  [TestCaseOne] Assetion Passed with Hard Assertion 
2019-08-01 00:32:38 INFO  [TestCaseOne] Assetion Passed with soft Assertion 
2019-08-01 00:35:50 INFO  [TestCaseOne] Login Success 
2019-08-01 00:35:52 INFO  [TestCaseOne] Clicked on Trending 
2019-08-01 00:35:56 INFO  [TestCaseOne] Screnshot Captured 
2019-08-01 00:35:56 INFO  [TestCaseOne] Assetion Passed with Hard Assertion 
2019-08-01 00:35:56 INFO  [TestCaseOne] Assetion Passed with soft Assertion 
2019-08-01 00:36:01 INFO  [TestCaseOne] Email id matches 
2019-08-06 01:22:36 INFO  [TestCaseOne] Login Success 
2019-08-06 01:33:43 INFO  [TestCaseOne] Login Success 
2019-08-06 01:33:46 INFO  [TestCaseOne] Clicked on Trending 
2019-08-06 01:33:50 INFO  [TestCaseOne] Screnshot Captured 
2019-08-06 01:33:50 INFO  [TestCaseOne] Assetion Passed with Hard Assertion 
2019-08-06 01:33:50 INFO  [TestCaseOne] Assetion Passed with soft Assertion 
